<?xml version="1.0" encoding="UTF-8"?>
<!-- Generated by org.testng.reporters.JUnitReportReporter -->
<testsuite hostname="PBLAP761" failures="0" tests="1" name="com.policybazaar.qa.testCases.PolicyBzaarLoginPageTestCase" time="7.807" errors="0" timestamp="2021-12-08T22:10:58 IST" skipped="0">
  <testcase classname="com.policybazaar.qa.testCases.PolicyBzaarLoginPageTestCase" name="verifyLoginPageWithCredentials" time="7.807"/>
  <system-out/>
</testsuite> <!-- com.policybazaar.qa.testCases.PolicyBzaarLoginPageTestCase -->
