<?xml version="1.0" encoding="UTF-8"?>
<!-- Generated by org.testng.reporters.JUnitReportReporter -->
<testsuite hostname="toshiba-PC" failures="0" tests="1" name="com.vtiger.qa.TestCase.Calculator_Test" time="22.292" errors="0" timestamp="2021-10-08T10:25:18 IST" skipped="0">
  <testcase classname="com.vtiger.qa.TestCase.Calculator_Test" name="CalculatorTest" time="22.292"/>
  <system-out/>
</testsuite> <!-- com.vtiger.qa.TestCase.Calculator_Test -->
