<?xml version="1.0" encoding="UTF-8"?>
<!-- Generated by org.testng.reporters.JUnitReportReporter -->
<testsuite hostname="toshiba-PC" failures="0" tests="3" name="com.vtiger.qa.TestCase.Home_PageTest" time="102.987" errors="0" timestamp="2021-10-08T10:25:18 IST" skipped="0">
  <testcase classname="com.vtiger.qa.TestCase.Home_PageTest" name="homePageCalTest" time="20.926"/>
  <system-out/>
  <testcase classname="com.vtiger.qa.TestCase.Home_PageTest" name="ActionmarketTest" time="30.776"/>
  <system-out/>
  <testcase classname="com.vtiger.qa.TestCase.Home_PageTest" name="clickonmartTest" time="51.285"/>
  <system-out/>
</testsuite> <!-- com.vtiger.qa.TestCase.Home_PageTest -->
