<?xml version="1.0" encoding="UTF-8"?>
<!-- Generated by org.testng.reporters.JUnitReportReporter -->
<testsuite skipped="0" hostname="DESKTOP-S8SMOAJ" name="com.vtiger.qa.TestCase.krish" tests="4" failures="0" timestamp="03 Aug 2021 04:52:08 GMT" time="179.705" errors="0">
  <testcase name="Test_01" time="33.487" classname="com.vtiger.qa.TestCase.krish"/>
  <testcase name="Test_01" time="27.131" classname="com.vtiger.qa.TestCase.krish"/>
  <testcase name="Test_01" time="87.169" classname="com.vtiger.qa.TestCase.krish"/>
  <testcase name="Test_01" time="31.918" classname="com.vtiger.qa.TestCase.krish"/>
</testsuite> <!-- com.vtiger.qa.TestCase.krish -->
