<?xml version="1.0" encoding="UTF-8"?>
<!-- Generated by org.testng.reporters.JUnitReportReporter -->
<testsuite hostname="toshiba-PC" failures="0" tests="1" name="com.vtiger.qa.TestCase.krish" time="0.000" errors="0" timestamp="2021-10-08T10:25:18 IST" skipped="1">
  <testcase classname="com.vtiger.qa.TestCase.krish" name="Test_01" time="0.000">
    <skipped/>
  </testcase> <!-- Test_01 -->
  <system-out/>
</testsuite> <!-- com.vtiger.qa.TestCase.krish -->
