<?xml version="1.0" encoding="UTF-8"?>
<!-- Generated by org.testng.reporters.JUnitReportReporter -->
<testsuite hostname="toshiba-PC" failures="0" tests="4" name="com.vtiger.qa.TestCase.Login_PageTest" time="34.034" errors="0" timestamp="2021-10-15T17:36:41 IST" skipped="1">
  <testcase classname="com.vtiger.qa.TestCase.Login_PageTest" name="LogingTestWithDataProvider" time="6.096"/>
  <system-out/>
  <testcase classname="com.vtiger.qa.TestCase.Login_PageTest" name="LogingTestWithDataProvider" time="10.132"/>
  <system-out/>
  <testcase classname="com.vtiger.qa.TestCase.Login_PageTest" name="LogingTestWithDataProvider" time="17.806"/>
  <system-out/>
  <testcase classname="com.vtiger.qa.TestCase.Login_PageTest" name="LoginPageTitleTest">
    <skipped/>
  </testcase> <!-- LoginPageTitleTest -->
  <system-out/>
</testsuite> <!-- com.vtiger.qa.TestCase.Login_PageTest -->
