<?xml version="1.0" encoding="UTF-8"?>
<!-- Generated by org.testng.reporters.JUnitReportReporter -->
<testsuite skipped="0" hostname="DESKTOP-S8SMOAJ" name="FirstTestNFG" tests="1" failures="0" timestamp="2021-07-05T10:30:55 IST" time="63.345" errors="0">
  <testcase name="TestNG" time="63.345" classname="FirstTestNFG"/>
  <system-out/>
</testsuite> <!-- FirstTestNFG -->
