<?xml version="1.0" encoding="UTF-8"?>
<!-- Generated by org.testng.reporters.JUnitReportReporter -->
<testsuite skipped="0" hostname="DESKTOP-S8SMOAJ" name="com.vtiger.qa.TestCase.Home_PageTest" tests="3" failures="0" timestamp="2021-08-20T22:51:29 IST" time="172.385" errors="0">
  <testcase name="homePageCalTest" time="25.384" classname="com.vtiger.qa.TestCase.Home_PageTest"/>
  <system-out/>
  <testcase name="ActionmarketTest" time="73.695" classname="com.vtiger.qa.TestCase.Home_PageTest"/>
  <system-out/>
  <testcase name="clickonmartTest" time="73.306" classname="com.vtiger.qa.TestCase.Home_PageTest"/>
  <system-out/>
</testsuite> <!-- com.vtiger.qa.TestCase.Home_PageTest -->
