<?xml version="1.0" encoding="UTF-8"?>
<!-- Generated by org.testng.reporters.JUnitReportReporter -->
<testsuite skipped="0" hostname="DESKTOP-S8SMOAJ" name="com.vtiger.qa.TestCase.Calculator_Test" tests="1" failures="0" timestamp="2021-08-20T22:51:28 IST" time="24.203" errors="0">
  <testcase name="CalculatorTest" time="24.203" classname="com.vtiger.qa.TestCase.Calculator_Test"/>
  <system-out/>
</testsuite> <!-- com.vtiger.qa.TestCase.Calculator_Test -->
