<?xml version="1.0" encoding="UTF-8"?>
<!-- Generated by org.testng.reporters.JUnitReportReporter -->
<testsuite hostname="PBLAP761" failures="0" tests="1" name="postcall.PostCallAutomation" time="11.907" errors="0" timestamp="2022-02-24T20:05:21 IST" skipped="0">
  <testcase classname="postcall.PostCallAutomation" name="createBoard" time="11.907"/>
  <system-out/>
</testsuite> <!-- postcall.PostCallAutomation -->
