<?xml version="1.0" encoding="UTF-8"?>
<!-- Generated by org.testng.reporters.JUnitReportReporter -->
<testsuite hostname="PBLAP761" failures="0" tests="2" name="deletecall.DeleteCallForTrelloBoard" time="7.001" errors="0" timestamp="2022-02-24T10:34:17 IST" skipped="0">
  <testcase classname="deletecall.DeleteCallForTrelloBoard" name="createBoard" time="5.820"/>
  <system-out/>
  <testcase classname="deletecall.DeleteCallForTrelloBoard" name="deleteBoard" time="1.181"/>
  <system-out/>
</testsuite> <!-- deletecall.DeleteCallForTrelloBoard -->
